Using pre-set license
Built from '2021.1/release' branch; Version is '2021.1.4f1 (4cd64a618c1b) revision 5035594'; Using compiler version '192528614'; Build Type 'Release'
OS: 'Windows 10 Pro; OS build 19042.928; Version 2009; 64bit' Language: 'ru' Physical Memory: 16311 MB
BatchMode: 1, IsHumanControllingUs: 0, StartBugReporterOnCrash: 0, Is64bit: 1, IsPro: 0

 COMMAND LINE ARGUMENTS:
C:\Program Files\Unity\Hub\Editor\2021.1.4f1\Editor\Unity.exe
-adb2
-batchMode
-noUpm
-name
AssetImportWorker0
-projectPath
C:/Users/ship_/OneDrive/Рабочий стол/Work/GitHub/Week-6
-logFile
Logs/AssetImportWorker0.log
-srvPort
49280
Successfully changed project path to: C:/Users/ship_/OneDrive/Рабочий стол/Work/GitHub/Week-6
C:/Users/ship_/OneDrive/Рабочий стол/Work/GitHub/Week-6
Using Asset Import Pipeline V2.
Refreshing native plugins compatible for Editor in 68.57 ms, found 0 plugins.
Preloading 0 native plugins for Editor in 0.00 ms.
Initialize engine version: 2021.1.4f1 (4cd64a618c1b)
[Subsystems] Discovering subsystems at path C:/Program Files/Unity/Hub/Editor/2021.1.4f1/Editor/Data/Resources/UnitySubsystems
[Subsystems] Discovering subsystems at path C:/Users/ship_/OneDrive/Рабочий стол/Work/GitHub/Week-6/Assets
GfxDevice: creating device client; threaded=0; jobified=0
Direct3D:
    Version:  Direct3D 11.0 [level 11.0]
    Renderer: NVIDIA GeForce GTX 750 (ID=0x1381)
    Vendor:   NVIDIA
    VRAM:     984 MB
    Driver:   27.21.14.6089
Initialize mono
Mono path[0] = 'C:/Program Files/Unity/Hub/Editor/2021.1.4f1/Editor/Data/Managed'
Mono path[1] = 'C:/Program Files/Unity/Hub/Editor/2021.1.4f1/Editor/Data/MonoBleedingEdge/lib/mono/unityjit'
Mono config path = 'C:/Program Files/Unity/Hub/Editor/2021.1.4f1/Editor/Data/MonoBleedingEdge/etc'
Using monoOptions --debugger-agent=transport=dt_socket,embedding=1,server=y,suspend=n,address=127.0.0.1:56340
Begin MonoManager ReloadAssembly
Registering precompiled unity dll's ...
Register platform support module: C:/Program Files/Unity/Hub/Editor/2021.1.4f1/Editor/Data/PlaybackEngines/WindowsStandaloneSupport/UnityEditor.WindowsStandalone.Extensions.dll
Registered in 0.086126 seconds.
Native extension for WindowsStandalone target not found
Refreshing native plugins compatible for Editor in 27.69 ms, found 0 plugins.
Preloading 0 native plugins for Editor in 0.00 ms.
Mono: successfully reloaded assembly
- Completed reload, in  3.475 seconds
Platform modules already initialized, skipping
Registering precompiled user dll's ...
Registered in 0.044133 seconds.
Begin MonoManager ReloadAssembly
Native extension for WindowsStandalone target not found
Refreshing native plugins compatible for Editor in 0.27 ms, found 0 plugins.
Preloading 0 native plugins for Editor in 0.00 ms.
Mono: successfully reloaded assembly
- Completed reload, in  1.708 seconds
Platform modules already initialized, skipping
========================================================================
Worker process is ready to serve import requests
Launched and connected shader compiler UnityShaderCompiler.exe after 0.07 seconds
Refreshing native plugins compatible for Editor in 0.26 ms, found 0 plugins.
Preloading 0 native plugins for Editor in 0.00 ms.
Unloading 1232 Unused Serialized files (Serialized files now loaded: 0)
System memory in use before: 139.7 MB.
System memory in use after: 139.7 MB.

Unloading 9 unused Assets to reduce memory usage. Loaded Objects now: 1701.
Total: 3.065700 ms (FindLiveObjects: 0.102500 ms CreateObjectMapping: 0.032600 ms MarkObjects: 2.851600 ms  DeleteObjects: 0.078000 ms)

========================================================================
Received Import Request.
  path: Assets/2936bc01422e696-1.mp3
  artifactKey: Guid(6a1ac9b0f2ba0ed43bcd670a07b1d5d5) Importer(815301076,1909f56bfc062723c751e8b465ee728b)
Start importing Assets/2936bc01422e696-1.mp3 using Guid(6a1ac9b0f2ba0ed43bcd670a07b1d5d5) Importer(815301076,1909f56bfc062723c751e8b465ee728b)  -> (artifact id: '70e7c1cbad77849130845c0097ee7c6d') in 0.068712 seconds 
========================================================================
Received Import Request.
  Time since last request: 0.000239 seconds.
  path: Assets/GeneralSound.mixer
  artifactKey: Guid(7c5bedda44fbf304eb454ea01230bffd) Importer(815301076,1909f56bfc062723c751e8b465ee728b)
Start importing Assets/GeneralSound.mixer using Guid(7c5bedda44fbf304eb454ea01230bffd) Importer(815301076,1909f56bfc062723c751e8b465ee728b)  -> (artifact id: 'bdfd2a6c5100cf2603c398f7830129f0') in 0.012526 seconds 
========================================================================
Received Prepare
Registering precompiled user dll's ...
Registered in 0.000553 seconds.
Begin MonoManager ReloadAssembly
Native extension for WindowsStandalone target not found
Refreshing native plugins compatible for Editor in 0.26 ms, found 0 plugins.
Preloading 0 native plugins for Editor in 0.00 ms.
Mono: successfully reloaded assembly
- Completed reload, in  0.691 seconds
Platform modules already initialized, skipping
Refreshing native plugins compatible for Editor in 0.42 ms, found 0 plugins.
Preloading 0 native plugins for Editor in 0.00 ms.
Unloading 1223 Unused Serialized files (Serialized files now loaded: 0)
System memory in use before: 143.0 MB.
System memory in use after: 143.1 MB.

Unloading 4 unused Assets to reduce memory usage. Loaded Objects now: 1713.
Total: 2.978300 ms (FindLiveObjects: 0.108100 ms CreateObjectMapping: 0.033500 ms MarkObjects: 2.824300 ms  DeleteObjects: 0.011500 ms)

========================================================================
Received Import Request.
  Time since last request: 403.608279 seconds.
  path: Assets/Scripts/FixedObjectPosition.cs
  artifactKey: Guid(e775651661636464389593b30a140272) Importer(815301076,1909f56bfc062723c751e8b465ee728b)
Start importing Assets/Scripts/FixedObjectPosition.cs using Guid(e775651661636464389593b30a140272) Importer(815301076,1909f56bfc062723c751e8b465ee728b)  -> (artifact id: '85b138780c884c776ed0d42314e2396b') in 0.010343 seconds 
========================================================================
Received Prepare
Registering precompiled user dll's ...
Registered in 0.000558 seconds.
Begin MonoManager ReloadAssembly
Native extension for WindowsStandalone target not found
Refreshing native plugins compatible for Editor in 0.26 ms, found 0 plugins.
Preloading 0 native plugins for Editor in 0.00 ms.
Mono: successfully reloaded assembly
- Completed reload, in  0.690 seconds
Platform modules already initialized, skipping
Refreshing native plugins compatible for Editor in 0.29 ms, found 0 plugins.
Preloading 0 native plugins for Editor in 0.00 ms.
Unloading 1223 Unused Serialized files (Serialized files now loaded: 0)
System memory in use before: 143.0 MB.
System memory in use after: 143.1 MB.

Unloading 4 unused Assets to reduce memory usage. Loaded Objects now: 1716.
Total: 2.713000 ms (FindLiveObjects: 0.152500 ms CreateObjectMapping: 0.040500 ms MarkObjects: 2.492600 ms  DeleteObjects: 0.026900 ms)

========================================================================
Received Prepare
Registering precompiled user dll's ...
Registered in 0.000702 seconds.
Begin MonoManager ReloadAssembly
Native extension for WindowsStandalone target not found
Refreshing native plugins compatible for Editor in 0.27 ms, found 0 plugins.
Preloading 0 native plugins for Editor in 0.00 ms.
Mono: successfully reloaded assembly
- Completed reload, in  0.724 seconds
Platform modules already initialized, skipping
Refreshing native plugins compatible for Editor in 0.29 ms, found 0 plugins.
Preloading 0 native plugins for Editor in 0.00 ms.
Unloading 1223 Unused Serialized files (Serialized files now loaded: 0)
System memory in use before: 143.0 MB.
System memory in use after: 143.1 MB.

Unloading 4 unused Assets to reduce memory usage. Loaded Objects now: 1719.
Total: 2.700200 ms (FindLiveObjects: 0.113400 ms CreateObjectMapping: 0.037100 ms MarkObjects: 2.537000 ms  DeleteObjects: 0.011600 ms)

========================================================================
Received Prepare
Refreshing native plugins compatible for Editor in 0.66 ms, found 0 plugins.
Preloading 0 native plugins for Editor in 0.00 ms.
Unloading 3 Unused Serialized files (Serialized files now loaded: 0)
System memory in use before: 118.7 MB.
System memory in use after: 118.9 MB.

Unloading 2 unused Assets to reduce memory usage. Loaded Objects now: 1719.
Total: 2.834100 ms (FindLiveObjects: 0.097500 ms CreateObjectMapping: 0.031300 ms MarkObjects: 2.696200 ms  DeleteObjects: 0.008300 ms)

========================================================================
Received Prepare
Registering precompiled user dll's ...
Registered in 0.000598 seconds.
Begin MonoManager ReloadAssembly
Native extension for WindowsStandalone target not found
Refreshing native plugins compatible for Editor in 0.26 ms, found 0 plugins.
Preloading 0 native plugins for Editor in 0.00 ms.
Mono: successfully reloaded assembly
- Completed reload, in  0.688 seconds
Platform modules already initialized, skipping
Refreshing native plugins compatible for Editor in 0.28 ms, found 0 plugins.
Preloading 0 native plugins for Editor in 0.00 ms.
Unloading 1223 Unused Serialized files (Serialized files now loaded: 0)
System memory in use before: 143.1 MB.
System memory in use after: 143.2 MB.

Unloading 4 unused Assets to reduce memory usage. Loaded Objects now: 1722.
Total: 2.989700 ms (FindLiveObjects: 0.114000 ms CreateObjectMapping: 0.084100 ms MarkObjects: 2.777300 ms  DeleteObjects: 0.013300 ms)

========================================================================
Received Import Request.
  Time since last request: 2002.558968 seconds.
  path: Assets/Textures/UI/Slider_FillArea.psd
  artifactKey: Guid(3e5b48b3749b0c847bd085143acb0ce5) Importer(815301076,1909f56bfc062723c751e8b465ee728b)
Start importing Assets/Textures/UI/Slider_FillArea.psd using Guid(3e5b48b3749b0c847bd085143acb0ce5) Importer(815301076,1909f56bfc062723c751e8b465ee728b)  -> (artifact id: '7b9fb89cdb64a48a8db92281d84d5c1f') in 0.167020 seconds 
========================================================================
Received Prepare
Registering precompiled user dll's ...
Registered in 0.000563 seconds.
Begin MonoManager ReloadAssembly
Native extension for WindowsStandalone target not found
Refreshing native plugins compatible for Editor in 0.30 ms, found 0 plugins.
Preloading 0 native plugins for Editor in 0.00 ms.
Mono: successfully reloaded assembly
- Completed reload, in  0.847 seconds
Platform modules already initialized, skipping
Refreshing native plugins compatible for Editor in 0.27 ms, found 0 plugins.
Preloading 0 native plugins for Editor in 0.00 ms.
Unloading 1224 Unused Serialized files (Serialized files now loaded: 0)
System memory in use before: 143.8 MB.
System memory in use after: 143.9 MB.

Unloading 4 unused Assets to reduce memory usage. Loaded Objects now: 1744.
Total: 2.836500 ms (FindLiveObjects: 0.113300 ms CreateObjectMapping: 0.037700 ms MarkObjects: 2.674000 ms  DeleteObjects: 0.010700 ms)

========================================================================
Received Prepare
Registering precompiled user dll's ...
Registered in 0.000634 seconds.
Begin MonoManager ReloadAssembly
Native extension for WindowsStandalone target not found
Refreshing native plugins compatible for Editor in 0.26 ms, found 0 plugins.
Preloading 0 native plugins for Editor in 0.00 ms.
Mono: successfully reloaded assembly
- Completed reload, in  0.747 seconds
Platform modules already initialized, skipping
Refreshing native plugins compatible for Editor in 0.27 ms, found 0 plugins.
Preloading 0 native plugins for Editor in 0.00 ms.
Unloading 1223 Unused Serialized files (Serialized files now loaded: 0)
System memory in use before: 143.7 MB.
System memory in use after: 143.8 MB.

Unloading 4 unused Assets to reduce memory usage. Loaded Objects now: 1747.
Total: 2.771000 ms (FindLiveObjects: 0.099400 ms CreateObjectMapping: 0.030400 ms MarkObjects: 2.629300 ms  DeleteObjects: 0.011100 ms)

========================================================================
Received Prepare
Registering precompiled user dll's ...
Registered in 0.000550 seconds.
Begin MonoManager ReloadAssembly
Native extension for WindowsStandalone target not found
Refreshing native plugins compatible for Editor in 0.28 ms, found 0 plugins.
Preloading 0 native plugins for Editor in 0.00 ms.
Mono: successfully reloaded assembly
- Completed reload, in  0.677 seconds
Platform modules already initialized, skipping
Refreshing native plugins compatible for Editor in 0.26 ms, found 0 plugins.
Preloading 0 native plugins for Editor in 0.00 ms.
Unloading 1223 Unused Serialized files (Serialized files now loaded: 0)
System memory in use before: 143.8 MB.
System memory in use after: 143.9 MB.

Unloading 4 unused Assets to reduce memory usage. Loaded Objects now: 1750.
Total: 3.002100 ms (FindLiveObjects: 0.101100 ms CreateObjectMapping: 0.029500 ms MarkObjects: 2.851100 ms  DeleteObjects: 0.018900 ms)

========================================================================
Received Import Request.
  Time since last request: 1098.513935 seconds.
  path: Assets/Scripts/Thunder_Clap_icon.png
  artifactKey: Guid(c7091d24f6360ca408d986df6baa80f4) Importer(815301076,1909f56bfc062723c751e8b465ee728b)
Start importing Assets/Scripts/Thunder_Clap_icon.png using Guid(c7091d24f6360ca408d986df6baa80f4) Importer(815301076,1909f56bfc062723c751e8b465ee728b)  -> (artifact id: '4f20c1c6fb92b3e47b7e675032e858f1') in 0.077914 seconds 
========================================================================
Received Import Request.
  Time since last request: 1.621868 seconds.
  path: Assets/Scripts/Aphotic_Shield_icon.png
  artifactKey: Guid(bc6f432a0bdacf14388d3cdea3ee57be) Importer(815301076,1909f56bfc062723c751e8b465ee728b)
Start importing Assets/Scripts/Aphotic_Shield_icon.png using Guid(bc6f432a0bdacf14388d3cdea3ee57be) Importer(815301076,1909f56bfc062723c751e8b465ee728b)  -> (artifact id: '2a8c21fb19b757ac1c70864170ff8efe') in 0.012422 seconds 
========================================================================
Received Import Request.
  Time since last request: 5.446479 seconds.
  path: Assets/Scripts/Aphotic_Shield_icon.png
  artifactKey: Guid(bc6f432a0bdacf14388d3cdea3ee57be) Importer(815301076,1909f56bfc062723c751e8b465ee728b)
Start importing Assets/Scripts/Aphotic_Shield_icon.png using Guid(bc6f432a0bdacf14388d3cdea3ee57be) Importer(815301076,1909f56bfc062723c751e8b465ee728b)  -> (artifact id: '47824425a7c4679593131897ab65286c') in 0.034184 seconds 
========================================================================
Received Import Request.
  Time since last request: 0.000212 seconds.
  path: Assets/Scripts/Thunder_Clap_icon.png
  artifactKey: Guid(c7091d24f6360ca408d986df6baa80f4) Importer(815301076,1909f56bfc062723c751e8b465ee728b)
Start importing Assets/Scripts/Thunder_Clap_icon.png using Guid(c7091d24f6360ca408d986df6baa80f4) Importer(815301076,1909f56bfc062723c751e8b465ee728b)  -> (artifact id: '2b7368a30547e75dc47fe988889eb992') in 0.015417 seconds 
========================================================================
Received Prepare
Registering precompiled user dll's ...
Registered in 0.000526 seconds.
Begin MonoManager ReloadAssembly
Native extension for WindowsStandalone target not found
Refreshing native plugins compatible for Editor in 0.26 ms, found 0 plugins.
Preloading 0 native plugins for Editor in 0.00 ms.
Mono: successfully reloaded assembly
- Completed reload, in  0.710 seconds
Platform modules already initialized, skipping
Refreshing native plugins compatible for Editor in 0.30 ms, found 0 plugins.
Preloading 0 native plugins for Editor in 0.00 ms.
Unloading 1225 Unused Serialized files (Serialized files now loaded: 0)
System memory in use before: 145.5 MB.
System memory in use after: 145.5 MB.

Unloading 4 unused Assets to reduce memory usage. Loaded Objects now: 1813.
Total: 2.714700 ms (FindLiveObjects: 0.107000 ms CreateObjectMapping: 0.031300 ms MarkObjects: 2.564600 ms  DeleteObjects: 0.010900 ms)

========================================================================
Received Prepare
Registering precompiled user dll's ...
Registered in 0.000893 seconds.
Begin MonoManager ReloadAssembly
Native extension for WindowsStandalone target not found
Refreshing native plugins compatible for Editor in 0.29 ms, found 0 plugins.
Preloading 0 native plugins for Editor in 0.00 ms.
Mono: successfully reloaded assembly
- Completed reload, in  0.835 seconds
Platform modules already initialized, skipping
Refreshing native plugins compatible for Editor in 0.27 ms, found 0 plugins.
Preloading 0 native plugins for Editor in 0.00 ms.
Unloading 1223 Unused Serialized files (Serialized files now loaded: 0)
System memory in use before: 145.4 MB.
System memory in use after: 145.5 MB.

Unloading 4 unused Assets to reduce memory usage. Loaded Objects now: 1816.
Total: 3.206000 ms (FindLiveObjects: 0.115200 ms CreateObjectMapping: 0.034500 ms MarkObjects: 3.031400 ms  DeleteObjects: 0.023700 ms)

========================================================================
Received Import Request.
  Time since last request: 439.240543 seconds.
  path: Assets/SlowMo.mp3
  artifactKey: Guid(6a1ac9b0f2ba0ed43bcd670a07b1d5d5) Importer(815301076,1909f56bfc062723c751e8b465ee728b)
Start importing Assets/SlowMo.mp3 using Guid(6a1ac9b0f2ba0ed43bcd670a07b1d5d5) Importer(815301076,1909f56bfc062723c751e8b465ee728b)  -> (artifact id: '084971b0b250fc26bfcb1fddc9988ed4') in 0.064253 seconds 
========================================================================
Received Import Request.
  Time since last request: 29.252370 seconds.
  path: Assets/Prefabs/Clean/Chiken.prefab
  artifactKey: Guid(04636287717f8094c93e27d64a64f01a) Importer(815301076,1909f56bfc062723c751e8b465ee728b)
Start importing Assets/Prefabs/Clean/Chiken.prefab using Guid(04636287717f8094c93e27d64a64f01a) Importer(815301076,1909f56bfc062723c751e8b465ee728b)  -> (artifact id: 'd132760dad5aa9f5d9e54445668714eb') in 0.077560 seconds 
========================================================================
Received Import Request.
  Time since last request: 3.405647 seconds.
  path: Assets/Prefabs/Clean/Chiken.prefab
  artifactKey: Guid(04636287717f8094c93e27d64a64f01a) Importer(815301076,1909f56bfc062723c751e8b465ee728b)
Start importing Assets/Prefabs/Clean/Chiken.prefab using Guid(04636287717f8094c93e27d64a64f01a) Importer(815301076,1909f56bfc062723c751e8b465ee728b)  -> (artifact id: 'e4af14d6ef6dea33027974df0bade536') in 0.020695 seconds 
========================================================================
Received Import Request.
  Time since last request: 2.607125 seconds.
  path: Assets/Prefabs/Clean/Chiken.prefab
  artifactKey: Guid(04636287717f8094c93e27d64a64f01a) Importer(815301076,1909f56bfc062723c751e8b465ee728b)
Start importing Assets/Prefabs/Clean/Chiken.prefab using Guid(04636287717f8094c93e27d64a64f01a) Importer(815301076,1909f56bfc062723c751e8b465ee728b)  -> (artifact id: 'ea0b7d30e7c4d18ad8cbce634f628f66') in 0.018925 seconds 
========================================================================
Received Prepare
Registering precompiled user dll's ...
Registered in 0.000627 seconds.
Begin MonoManager ReloadAssembly
Native extension for WindowsStandalone target not found
Refreshing native plugins compatible for Editor in 0.26 ms, found 0 plugins.
Preloading 0 native plugins for Editor in 0.00 ms.
Mono: successfully reloaded assembly
- Completed reload, in  0.672 seconds
Platform modules already initialized, skipping
Refreshing native plugins compatible for Editor in 0.27 ms, found 0 plugins.
Preloading 0 native plugins for Editor in 0.00 ms.
Unloading 1223 Unused Serialized files (Serialized files now loaded: 0)
System memory in use before: 145.4 MB.
System memory in use after: 145.5 MB.

Unloading 4 unused Assets to reduce memory usage. Loaded Objects now: 1821.
Total: 3.058200 ms (FindLiveObjects: 0.109500 ms CreateObjectMapping: 0.034500 ms MarkObjects: 2.902700 ms  DeleteObjects: 0.010700 ms)

========================================================================
Received Import Request.
  Time since last request: 37.309083 seconds.
  path: Assets/Prefabs/Clean/Chiken.prefab
  artifactKey: Guid(04636287717f8094c93e27d64a64f01a) Importer(815301076,1909f56bfc062723c751e8b465ee728b)
Start importing Assets/Prefabs/Clean/Chiken.prefab using Guid(04636287717f8094c93e27d64a64f01a) Importer(815301076,1909f56bfc062723c751e8b465ee728b)  -> (artifact id: 'd3ee76dba6dc3e42da37acfa3c6ae2fc') in 0.118953 seconds 
========================================================================
Received Prepare
Registering precompiled user dll's ...
Registered in 0.000537 seconds.
Begin MonoManager ReloadAssembly
Native extension for WindowsStandalone target not found
Refreshing native plugins compatible for Editor in 0.42 ms, found 0 plugins.
Preloading 0 native plugins for Editor in 0.00 ms.
Mono: successfully reloaded assembly
- Completed reload, in  0.841 seconds
Platform modules already initialized, skipping
Refreshing native plugins compatible for Editor in 0.35 ms, found 0 plugins.
Preloading 0 native plugins for Editor in 0.00 ms.
Unloading 1223 Unused Serialized files (Serialized files now loaded: 0)
System memory in use before: 145.5 MB.
System memory in use after: 145.6 MB.

Unloading 4 unused Assets to reduce memory usage. Loaded Objects now: 1825.
Total: 3.854600 ms (FindLiveObjects: 0.154500 ms CreateObjectMapping: 0.085100 ms MarkObjects: 3.592000 ms  DeleteObjects: 0.021000 ms)

========================================================================
Received Import Request.
  Time since last request: 26.763576 seconds.
  path: Assets/Prefabs/Clean/Chiken.prefab
  artifactKey: Guid(04636287717f8094c93e27d64a64f01a) Importer(815301076,1909f56bfc062723c751e8b465ee728b)
Start importing Assets/Prefabs/Clean/Chiken.prefab using Guid(04636287717f8094c93e27d64a64f01a) Importer(815301076,1909f56bfc062723c751e8b465ee728b)  -> (artifact id: '361148bb026946965b79cfd1db328b5d') in 0.089028 seconds 
========================================================================
Received Prepare
Registering precompiled user dll's ...
Registered in 0.000639 seconds.
Begin MonoManager ReloadAssembly
Native extension for WindowsStandalone target not found
Refreshing native plugins compatible for Editor in 0.27 ms, found 0 plugins.
Preloading 0 native plugins for Editor in 0.00 ms.
Mono: successfully reloaded assembly
- Completed reload, in  0.710 seconds
Platform modules already initialized, skipping
Refreshing native plugins compatible for Editor in 0.26 ms, found 0 plugins.
Preloading 0 native plugins for Editor in 0.00 ms.
Unloading 1223 Unused Serialized files (Serialized files now loaded: 0)
System memory in use before: 145.5 MB.
System memory in use after: 145.6 MB.

Unloading 4 unused Assets to reduce memory usage. Loaded Objects now: 1829.
Total: 2.878700 ms (FindLiveObjects: 0.102900 ms CreateObjectMapping: 0.030600 ms MarkObjects: 2.731900 ms  DeleteObjects: 0.012400 ms)

========================================================================
Received Import Request.
  Time since last request: 72.366842 seconds.
  path: Assets/Prefabs/Clean/Chiken.prefab
  artifactKey: Guid(04636287717f8094c93e27d64a64f01a) Importer(815301076,1909f56bfc062723c751e8b465ee728b)
Start importing Assets/Prefabs/Clean/Chiken.prefab using Guid(04636287717f8094c93e27d64a64f01a) Importer(815301076,1909f56bfc062723c751e8b465ee728b)  -> (artifact id: '26417d4d8f32ffcf2483a56aac0d6d7d') in 0.117630 seconds 
========================================================================
Received Import Request.
  Time since last request: 1.190674 seconds.
  path: Assets/Prefabs/Clean/Chiken.prefab
  artifactKey: Guid(04636287717f8094c93e27d64a64f01a) Importer(815301076,1909f56bfc062723c751e8b465ee728b)
Start importing Assets/Prefabs/Clean/Chiken.prefab using Guid(04636287717f8094c93e27d64a64f01a) Importer(815301076,1909f56bfc062723c751e8b465ee728b)  -> (artifact id: 'c6507cd7ff11c24cfd8d0ff8f5e5b2f0') in 0.027696 seconds 
========================================================================
Received Import Request.
  Time since last request: 2.796636 seconds.
  path: Assets/Prefabs/Clean/Chiken.prefab
  artifactKey: Guid(04636287717f8094c93e27d64a64f01a) Importer(815301076,1909f56bfc062723c751e8b465ee728b)
Start importing Assets/Prefabs/Clean/Chiken.prefab using Guid(04636287717f8094c93e27d64a64f01a) Importer(815301076,1909f56bfc062723c751e8b465ee728b)  -> (artifact id: 'a72be90042b0f00d97e57f440d361836') in 0.018194 seconds 
========================================================================
Received Import Request.
  Time since last request: 3.815529 seconds.
  path: Assets/Prefabs/Clean/Chiken.prefab
  artifactKey: Guid(04636287717f8094c93e27d64a64f01a) Importer(815301076,1909f56bfc062723c751e8b465ee728b)
Start importing Assets/Prefabs/Clean/Chiken.prefab using Guid(04636287717f8094c93e27d64a64f01a) Importer(815301076,1909f56bfc062723c751e8b465ee728b)  -> (artifact id: '26b76539e39bbfce31f25dacd7b81029') in 0.023616 seconds 
========================================================================
Received Prepare
Registering precompiled user dll's ...
Registered in 0.000616 seconds.
Begin MonoManager ReloadAssembly
Native extension for WindowsStandalone target not found
Refreshing native plugins compatible for Editor in 0.35 ms, found 0 plugins.
Preloading 0 native plugins for Editor in 0.00 ms.
Mono: successfully reloaded assembly
- Completed reload, in  0.828 seconds
Platform modules already initialized, skipping
Refreshing native plugins compatible for Editor in 0.27 ms, found 0 plugins.
Preloading 0 native plugins for Editor in 0.00 ms.
Unloading 1223 Unused Serialized files (Serialized files now loaded: 0)
System memory in use before: 145.5 MB.
System memory in use after: 145.6 MB.

Unloading 4 unused Assets to reduce memory usage. Loaded Objects now: 1833.
Total: 2.891900 ms (FindLiveObjects: 0.114200 ms CreateObjectMapping: 0.033400 ms MarkObjects: 2.732100 ms  DeleteObjects: 0.010900 ms)

========================================================================
Received Import Request.
  Time since last request: 148.748165 seconds.
  path: Assets/Prefabs/Chiken_position.prefab
  artifactKey: Guid(e4ead2584e1eab247a9e3e381c4136cc) Importer(815301076,1909f56bfc062723c751e8b465ee728b)
Start importing Assets/Prefabs/Chiken_position.prefab using Guid(e4ead2584e1eab247a9e3e381c4136cc) Importer(815301076,1909f56bfc062723c751e8b465ee728b)  -> (artifact id: 'ccf80f24b3aee7cdec50f162f9c9c297') in 0.067497 seconds 
========================================================================
Received Prepare
Registering precompiled user dll's ...
Registered in 0.000627 seconds.
Begin MonoManager ReloadAssembly
Native extension for WindowsStandalone target not found
Refreshing native plugins compatible for Editor in 0.26 ms, found 0 plugins.
Preloading 0 native plugins for Editor in 0.00 ms.
Mono: successfully reloaded assembly
- Completed reload, in  0.715 seconds
Platform modules already initialized, skipping
Refreshing native plugins compatible for Editor in 0.27 ms, found 0 plugins.
Preloading 0 native plugins for Editor in 0.00 ms.
Unloading 1223 Unused Serialized files (Serialized files now loaded: 0)
System memory in use before: 145.5 MB.
System memory in use after: 145.6 MB.

Unloading 4 unused Assets to reduce memory usage. Loaded Objects now: 1837.
Total: 2.772300 ms (FindLiveObjects: 0.098500 ms CreateObjectMapping: 0.048000 ms MarkObjects: 2.615700 ms  DeleteObjects: 0.009400 ms)

========================================================================
Received Import Request.
  Time since last request: 11.934398 seconds.
  path: Assets/Prefabs/Clean/Chiken.prefab
  artifactKey: Guid(04636287717f8094c93e27d64a64f01a) Importer(815301076,1909f56bfc062723c751e8b465ee728b)
Start importing Assets/Prefabs/Clean/Chiken.prefab using Guid(04636287717f8094c93e27d64a64f01a) Importer(815301076,1909f56bfc062723c751e8b465ee728b)  -> (artifact id: 'ddf9318076d10a755229d3580fac9a14') in 0.122701 seconds 
========================================================================
Received Import Request.
  Time since last request: 2.441998 seconds.
  path: Assets/Prefabs/Clean/Chiken.prefab
  artifactKey: Guid(04636287717f8094c93e27d64a64f01a) Importer(815301076,1909f56bfc062723c751e8b465ee728b)
Start importing Assets/Prefabs/Clean/Chiken.prefab using Guid(04636287717f8094c93e27d64a64f01a) Importer(815301076,1909f56bfc062723c751e8b465ee728b)  -> (artifact id: '9b2199c442c5c896766a3fb62d927a89') in 0.027507 seconds 
========================================================================
Received Import Request.
  Time since last request: 45.071443 seconds.
  path: Assets/Prefabs/Chiken_position.prefab
  artifactKey: Guid(e4ead2584e1eab247a9e3e381c4136cc) Importer(815301076,1909f56bfc062723c751e8b465ee728b)
Start importing Assets/Prefabs/Chiken_position.prefab using Guid(e4ead2584e1eab247a9e3e381c4136cc) Importer(815301076,1909f56bfc062723c751e8b465ee728b)  -> (artifact id: '5eb3891ce642e569e427c9704007db13') in 0.012793 seconds 
========================================================================
Received Prepare
Registering precompiled user dll's ...
Registered in 0.000710 seconds.
Begin MonoManager ReloadAssembly
Native extension for WindowsStandalone target not found
Refreshing native plugins compatible for Editor in 0.33 ms, found 0 plugins.
Preloading 0 native plugins for Editor in 0.00 ms.
Mono: successfully reloaded assembly
- Completed reload, in  0.785 seconds
Platform modules already initialized, skipping
Refreshing native plugins compatible for Editor in 0.32 ms, found 0 plugins.
Preloading 0 native plugins for Editor in 0.00 ms.
Unloading 1223 Unused Serialized files (Serialized files now loaded: 0)
System memory in use before: 145.5 MB.
System memory in use after: 145.6 MB.

Unloading 4 unused Assets to reduce memory usage. Loaded Objects now: 1841.
Total: 2.982600 ms (FindLiveObjects: 0.106200 ms CreateObjectMapping: 0.029000 ms MarkObjects: 2.835400 ms  DeleteObjects: 0.011200 ms)

========================================================================
Received Prepare
Registering precompiled user dll's ...
Registered in 0.000698 seconds.
Begin MonoManager ReloadAssembly
Native extension for WindowsStandalone target not found
Refreshing native plugins compatible for Editor in 0.31 ms, found 0 plugins.
Preloading 0 native plugins for Editor in 0.00 ms.
Mono: successfully reloaded assembly
- Completed reload, in  0.688 seconds
Platform modules already initialized, skipping
Refreshing native plugins compatible for Editor in 0.26 ms, found 0 plugins.
Preloading 0 native plugins for Editor in 0.00 ms.
Unloading 1223 Unused Serialized files (Serialized files now loaded: 0)
System memory in use before: 145.5 MB.
System memory in use after: 145.6 MB.

Unloading 4 unused Assets to reduce memory usage. Loaded Objects now: 1844.
Total: 3.104100 ms (FindLiveObjects: 0.109300 ms CreateObjectMapping: 0.030200 ms MarkObjects: 2.952300 ms  DeleteObjects: 0.011200 ms)

========================================================================
Received Import Request.
  Time since last request: 57.595389 seconds.
  path: Assets/Prefabs/Pig.prefab
  artifactKey: Guid(7d070c3f02b8fa3488f18507d8e8a39f) Importer(815301076,1909f56bfc062723c751e8b465ee728b)
Start importing Assets/Prefabs/Pig.prefab using Guid(7d070c3f02b8fa3488f18507d8e8a39f) Importer(815301076,1909f56bfc062723c751e8b465ee728b)  -> (artifact id: '6ef9ed24de9f35c1a219f4fc2c74e53f') in 0.178393 seconds 
========================================================================
Received Import Request.
  Time since last request: 1.938440 seconds.
  path: Assets/Prefabs/Pig.prefab
  artifactKey: Guid(7d070c3f02b8fa3488f18507d8e8a39f) Importer(815301076,1909f56bfc062723c751e8b465ee728b)
Start importing Assets/Prefabs/Pig.prefab using Guid(7d070c3f02b8fa3488f18507d8e8a39f) Importer(815301076,1909f56bfc062723c751e8b465ee728b)  -> (artifact id: '070b44cb262d491f822560cd1cf909ac') in 0.028474 seconds 
========================================================================
Received Import Request.
  Time since last request: 2.596574 seconds.
  path: Assets/Prefabs/Pig.prefab
  artifactKey: Guid(7d070c3f02b8fa3488f18507d8e8a39f) Importer(815301076,1909f56bfc062723c751e8b465ee728b)
Start importing Assets/Prefabs/Pig.prefab using Guid(7d070c3f02b8fa3488f18507d8e8a39f) Importer(815301076,1909f56bfc062723c751e8b465ee728b)  -> (artifact id: '96fd74f99e8e51492a22a14dc3306ae8') in 0.030376 seconds 
========================================================================
Received Import Request.
  Time since last request: 8.302334 seconds.
  path: Assets/Prefabs/Pig.prefab
  artifactKey: Guid(7d070c3f02b8fa3488f18507d8e8a39f) Importer(815301076,1909f56bfc062723c751e8b465ee728b)
Start importing Assets/Prefabs/Pig.prefab using Guid(7d070c3f02b8fa3488f18507d8e8a39f) Importer(815301076,1909f56bfc062723c751e8b465ee728b)  -> (artifact id: '4debd4e3034414c9915adca6b951e913') in 0.022604 seconds 
========================================================================
Received Prepare
Registering precompiled user dll's ...
Registered in 0.000808 seconds.
Begin MonoManager ReloadAssembly
Native extension for WindowsStandalone target not found
Refreshing native plugins compatible for Editor in 0.35 ms, found 0 plugins.
Preloading 0 native plugins for Editor in 0.00 ms.
Mono: successfully reloaded assembly
- Completed reload, in  0.764 seconds
Platform modules already initialized, skipping
Refreshing native plugins compatible for Editor in 0.27 ms, found 0 plugins.
Preloading 0 native plugins for Editor in 0.00 ms.
Unloading 1223 Unused Serialized files (Serialized files now loaded: 0)
System memory in use before: 145.6 MB.
System memory in use after: 145.7 MB.

Unloading 4 unused Assets to reduce memory usage. Loaded Objects now: 1848.
Total: 3.809900 ms (FindLiveObjects: 0.187200 ms CreateObjectMapping: 0.047200 ms MarkObjects: 3.561500 ms  DeleteObjects: 0.012100 ms)

========================================================================
Received Import Request.
  Time since last request: 70.632861 seconds.
  path: Assets/Prefabs/Pig.prefab
  artifactKey: Guid(7d070c3f02b8fa3488f18507d8e8a39f) Importer(815301076,1909f56bfc062723c751e8b465ee728b)
Start importing Assets/Prefabs/Pig.prefab using Guid(7d070c3f02b8fa3488f18507d8e8a39f) Importer(815301076,1909f56bfc062723c751e8b465ee728b)  -> (artifact id: '0ee743dbdbea443a156ab8971ee54101') in 0.080422 seconds 
========================================================================
Received Import Request.
  Time since last request: 0.194735 seconds.
  path: Assets/Prefabs/Pig.prefab
  artifactKey: Guid(7d070c3f02b8fa3488f18507d8e8a39f) Importer(815301076,1909f56bfc062723c751e8b465ee728b)
Start importing Assets/Prefabs/Pig.prefab using Guid(7d070c3f02b8fa3488f18507d8e8a39f) Importer(815301076,1909f56bfc062723c751e8b465ee728b)  -> (artifact id: '9364bddb3cd43e8e6c10c7295ea4e61a') in 0.023607 seconds 
========================================================================
Received Import Request.
  Time since last request: 2.411918 seconds.
  path: Assets/Prefabs/Pig.prefab
  artifactKey: Guid(7d070c3f02b8fa3488f18507d8e8a39f) Importer(815301076,1909f56bfc062723c751e8b465ee728b)
Start importing Assets/Prefabs/Pig.prefab using Guid(7d070c3f02b8fa3488f18507d8e8a39f) Importer(815301076,1909f56bfc062723c751e8b465ee728b)  -> (artifact id: 'b3fb185e7ae0912ebcd6186f095b21a4') in 0.034232 seconds 
========================================================================
Received Prepare
Registering precompiled user dll's ...
Registered in 0.000773 seconds.
Begin MonoManager ReloadAssembly
Native extension for WindowsStandalone target not found
Refreshing native plugins compatible for Editor in 0.49 ms, found 0 plugins.
Preloading 0 native plugins for Editor in 0.00 ms.
Mono: successfully reloaded assembly
- Completed reload, in  0.677 seconds
Platform modules already initialized, skipping
Refreshing native plugins compatible for Editor in 0.26 ms, found 0 plugins.
Preloading 0 native plugins for Editor in 0.00 ms.
Unloading 1223 Unused Serialized files (Serialized files now loaded: 0)
System memory in use before: 145.7 MB.
System memory in use after: 145.8 MB.

Unloading 4 unused Assets to reduce memory usage. Loaded Objects now: 1852.
Total: 2.969300 ms (FindLiveObjects: 0.157900 ms CreateObjectMapping: 0.037300 ms MarkObjects: 2.761800 ms  DeleteObjects: 0.011400 ms)

========================================================================
Received Import Request.
  Time since last request: 50.414376 seconds.
  path: Assets/Prefabs/Pig.prefab
  artifactKey: Guid(7d070c3f02b8fa3488f18507d8e8a39f) Importer(815301076,1909f56bfc062723c751e8b465ee728b)
Start importing Assets/Prefabs/Pig.prefab using Guid(7d070c3f02b8fa3488f18507d8e8a39f) Importer(815301076,1909f56bfc062723c751e8b465ee728b)  -> (artifact id: 'ec26d4b67ffa04ee0470969d6bff1e05') in 0.069310 seconds 
========================================================================
Received Import Request.
  Time since last request: 24.631322 seconds.
  path: Assets/Prefabs/Bear.prefab
  artifactKey: Guid(97a8f026faeed2b48ab11e0208952475) Importer(815301076,1909f56bfc062723c751e8b465ee728b)
Start importing Assets/Prefabs/Bear.prefab using Guid(97a8f026faeed2b48ab11e0208952475) Importer(815301076,1909f56bfc062723c751e8b465ee728b)  -> (artifact id: 'ecc08dec660900c3ca757cad2a9a204d') in 0.040688 seconds 
========================================================================
Received Import Request.
  Time since last request: 0.000216 seconds.
  path: Assets/Prefabs/Chiken.prefab
  artifactKey: Guid(04636287717f8094c93e27d64a64f01a) Importer(815301076,1909f56bfc062723c751e8b465ee728b)
Start importing Assets/Prefabs/Chiken.prefab using Guid(04636287717f8094c93e27d64a64f01a) Importer(815301076,1909f56bfc062723c751e8b465ee728b)  -> (artifact id: '319ea17aab2dba9d891172f756cf83b0') in 0.015310 seconds 
========================================================================
Received Import Request.
  Time since last request: 0.000212 seconds.
  path: Assets/Prefabs/Squirrel.prefab
  artifactKey: Guid(22f9ef5f57674f344910d0314695297c) Importer(815301076,1909f56bfc062723c751e8b465ee728b)
Start importing Assets/Prefabs/Squirrel.prefab using Guid(22f9ef5f57674f344910d0314695297c) Importer(815301076,1909f56bfc062723c751e8b465ee728b)  -> (artifact id: 'ac0550608da8ebd3e95068368f606460') in 0.035628 seconds 
========================================================================
Received Import Request.
  Time since last request: 0.000219 seconds.
  path: Assets/Prefabs/Pig.prefab
  artifactKey: Guid(7d070c3f02b8fa3488f18507d8e8a39f) Importer(815301076,1909f56bfc062723c751e8b465ee728b)
Start importing Assets/Prefabs/Pig.prefab using Guid(7d070c3f02b8fa3488f18507d8e8a39f) Importer(815301076,1909f56bfc062723c751e8b465ee728b)  -> (artifact id: 'b589908dab0e06611072dd5d549504d0') in 0.023680 seconds 
========================================================================
Received Import Request.
  Time since last request: 0.000203 seconds.
  path: Assets/Prefabs/Rabbit.prefab
  artifactKey: Guid(7c5a5fa187249e94a869ec9dab600cc0) Importer(815301076,1909f56bfc062723c751e8b465ee728b)
Start importing Assets/Prefabs/Rabbit.prefab using Guid(7c5a5fa187249e94a869ec9dab600cc0) Importer(815301076,1909f56bfc062723c751e8b465ee728b)  -> (artifact id: '4aad9062cae9106e9b256e26641407f1') in 0.034822 seconds 
========================================================================
Received Prepare
Registering precompiled user dll's ...
Registered in 0.000609 seconds.
Begin MonoManager ReloadAssembly
Native extension for WindowsStandalone target not found
Refreshing native plugins compatible for Editor in 0.78 ms, found 0 plugins.
Preloading 0 native plugins for Editor in 0.00 ms.
Mono: successfully reloaded assembly
- Completed reload, in  0.707 seconds
Platform modules already initialized, skipping
Refreshing native plugins compatible for Editor in 0.51 ms, found 0 plugins.
Preloading 0 native plugins for Editor in 0.00 ms.
Unloading 1223 Unused Serialized files (Serialized files now loaded: 0)
System memory in use before: 145.8 MB.
System memory in use after: 145.9 MB.

Unloading 4 unused Assets to reduce memory usage. Loaded Objects now: 1856.
Total: 3.788300 ms (FindLiveObjects: 0.156300 ms CreateObjectMapping: 0.050600 ms MarkObjects: 3.567200 ms  DeleteObjects: 0.012900 ms)

========================================================================
Received Import Request.
  Time since last request: 27.176309 seconds.
  path: Assets/Prefabs/Chiken.prefab
  artifactKey: Guid(04636287717f8094c93e27d64a64f01a) Importer(815301076,1909f56bfc062723c751e8b465ee728b)
Start importing Assets/Prefabs/Chiken.prefab using Guid(04636287717f8094c93e27d64a64f01a) Importer(815301076,1909f56bfc062723c751e8b465ee728b)  -> (artifact id: 'fe334baa792b25ddc41363eb8e3d960b') in 0.136677 seconds 
========================================================================
Received Import Request.
  Time since last request: 0.000125 seconds.
  path: Assets/Prefabs/Squirrel.prefab
  artifactKey: Guid(22f9ef5f57674f344910d0314695297c) Importer(815301076,1909f56bfc062723c751e8b465ee728b)
Start importing Assets/Prefabs/Squirrel.prefab using Guid(22f9ef5f57674f344910d0314695297c) Importer(815301076,1909f56bfc062723c751e8b465ee728b)  -> (artifact id: '3be3f46e9f3157bd0121ee12567324c3') in 0.017888 seconds 
========================================================================
Received Import Request.
  Time since last request: 0.000139 seconds.
  path: Assets/Prefabs/Bear.prefab
  artifactKey: Guid(97a8f026faeed2b48ab11e0208952475) Importer(815301076,1909f56bfc062723c751e8b465ee728b)
Start importing Assets/Prefabs/Bear.prefab using Guid(97a8f026faeed2b48ab11e0208952475) Importer(815301076,1909f56bfc062723c751e8b465ee728b)  -> (artifact id: '80c0bbf5765dd4e65e7ab34831a0130d') in 0.018044 seconds 
========================================================================
Received Import Request.
  Time since last request: 0.000130 seconds.
  path: Assets/Prefabs/Pig.prefab
  artifactKey: Guid(7d070c3f02b8fa3488f18507d8e8a39f) Importer(815301076,1909f56bfc062723c751e8b465ee728b)
Start importing Assets/Prefabs/Pig.prefab using Guid(7d070c3f02b8fa3488f18507d8e8a39f) Importer(815301076,1909f56bfc062723c751e8b465ee728b)  -> (artifact id: '6d5b9d54dd4c3151f7275f99334d8ca2') in 0.024601 seconds 
========================================================================
Received Import Request.
  Time since last request: 0.000143 seconds.
  path: Assets/Prefabs/Rabbit.prefab
  artifactKey: Guid(7c5a5fa187249e94a869ec9dab600cc0) Importer(815301076,1909f56bfc062723c751e8b465ee728b)
Start importing Assets/Prefabs/Rabbit.prefab using Guid(7c5a5fa187249e94a869ec9dab600cc0) Importer(815301076,1909f56bfc062723c751e8b465ee728b)  -> (artifact id: '16ef66ae4fd67f075c59fad5b026175c') in 0.027530 seconds 
========================================================================
Received Import Request.
  Time since last request: 0.407059 seconds.
  path: Assets/Prefabs/Bear.prefab
  artifactKey: Guid(97a8f026faeed2b48ab11e0208952475) Importer(815301076,1909f56bfc062723c751e8b465ee728b)
Start importing Assets/Prefabs/Bear.prefab using Guid(97a8f026faeed2b48ab11e0208952475) Importer(815301076,1909f56bfc062723c751e8b465ee728b)  -> (artifact id: 'cc4c90d2ff1daf8fb4257132551a7712') in 0.014136 seconds 
========================================================================
Received Import Request.
  Time since last request: 0.000146 seconds.
  path: Assets/Prefabs/Chiken.prefab
  artifactKey: Guid(04636287717f8094c93e27d64a64f01a) Importer(815301076,1909f56bfc062723c751e8b465ee728b)
Start importing Assets/Prefabs/Chiken.prefab using Guid(04636287717f8094c93e27d64a64f01a) Importer(815301076,1909f56bfc062723c751e8b465ee728b)  -> (artifact id: '9d8b8112adb236f197554400502f0ccf') in 0.017930 seconds 
========================================================================
Received Import Request.
  Time since last request: 0.000165 seconds.
  path: Assets/Prefabs/Squirrel.prefab
  artifactKey: Guid(22f9ef5f57674f344910d0314695297c) Importer(815301076,1909f56bfc062723c751e8b465ee728b)
Start importing Assets/Prefabs/Squirrel.prefab using Guid(22f9ef5f57674f344910d0314695297c) Importer(815301076,1909f56bfc062723c751e8b465ee728b)  -> (artifact id: 'cff418342c0f706e0c855343312ab084') in 0.018314 seconds 
========================================================================
Received Import Request.
  Time since last request: 0.000217 seconds.
  path: Assets/Prefabs/Pig.prefab
  artifactKey: Guid(7d070c3f02b8fa3488f18507d8e8a39f) Importer(815301076,1909f56bfc062723c751e8b465ee728b)
Start importing Assets/Prefabs/Pig.prefab using Guid(7d070c3f02b8fa3488f18507d8e8a39f) Importer(815301076,1909f56bfc062723c751e8b465ee728b)  -> (artifact id: '3ba210a1aa90020495f8702e7d377efa') in 0.022815 seconds 
========================================================================
Received Import Request.
  Time since last request: 0.000236 seconds.
  path: Assets/Prefabs/Rabbit.prefab
  artifactKey: Guid(7c5a5fa187249e94a869ec9dab600cc0) Importer(815301076,1909f56bfc062723c751e8b465ee728b)
Start importing Assets/Prefabs/Rabbit.prefab using Guid(7c5a5fa187249e94a869ec9dab600cc0) Importer(815301076,1909f56bfc062723c751e8b465ee728b)  -> (artifact id: '39a95ebc33038953388b6a22084a463f') in 0.018785 seconds 
========================================================================
Received Prepare
Registering precompiled user dll's ...
Registered in 0.000567 seconds.
Begin MonoManager ReloadAssembly
Native extension for WindowsStandalone target not found
Refreshing native plugins compatible for Editor in 0.26 ms, found 0 plugins.
Preloading 0 native plugins for Editor in 0.00 ms.
Mono: successfully reloaded assembly
- Completed reload, in  0.705 seconds
Platform modules already initialized, skipping
Refreshing native plugins compatible for Editor in 0.52 ms, found 0 plugins.
Preloading 0 native plugins for Editor in 0.00 ms.
Unloading 1223 Unused Serialized files (Serialized files now loaded: 0)
System memory in use before: 145.9 MB.
System memory in use after: 146.0 MB.

Unloading 4 unused Assets to reduce memory usage. Loaded Objects now: 1860.
Total: 4.596300 ms (FindLiveObjects: 0.163400 ms CreateObjectMapping: 0.039300 ms MarkObjects: 4.375000 ms  DeleteObjects: 0.017100 ms)

========================================================================
Received Import Request.
  Time since last request: 54.789793 seconds.
  path: Assets/Prefabs/Chiken.prefab
  artifactKey: Guid(04636287717f8094c93e27d64a64f01a) Importer(815301076,1909f56bfc062723c751e8b465ee728b)
Start importing Assets/Prefabs/Chiken.prefab using Guid(04636287717f8094c93e27d64a64f01a) Importer(815301076,1909f56bfc062723c751e8b465ee728b)  -> (artifact id: '795f5430f002cec5e85b3da3502459f1') in 0.146183 seconds 
========================================================================
Received Import Request.
  Time since last request: 597.887991 seconds.
  path: Assets/Prefabs/RifleTake.prefab
  artifactKey: Guid(18be68d642e1b4d4d88be65187921b48) Importer(815301076,1909f56bfc062723c751e8b465ee728b)
Start importing Assets/Prefabs/RifleTake.prefab using Guid(18be68d642e1b4d4d88be65187921b48) Importer(815301076,1909f56bfc062723c751e8b465ee728b)  -> (artifact id: '13004927724b67a048d98cdc9ce850b5') in 0.031782 seconds 
========================================================================
Received Import Request.
  Time since last request: 0.964513 seconds.
  path: Assets/Prefabs/RifleTake.prefab
  artifactKey: Guid(18be68d642e1b4d4d88be65187921b48) Importer(815301076,1909f56bfc062723c751e8b465ee728b)
Start importing Assets/Prefabs/RifleTake.prefab using Guid(18be68d642e1b4d4d88be65187921b48) Importer(815301076,1909f56bfc062723c751e8b465ee728b)  -> (artifact id: '836b57b0ff0590fb5d8a28d9b69bebd4') in 0.011950 seconds 
========================================================================
Received Import Request.
  Time since last request: 1.185511 seconds.
  path: Assets/Prefabs/RifleTake.prefab
  artifactKey: Guid(18be68d642e1b4d4d88be65187921b48) Importer(815301076,1909f56bfc062723c751e8b465ee728b)
Start importing Assets/Prefabs/RifleTake.prefab using Guid(18be68d642e1b4d4d88be65187921b48) Importer(815301076,1909f56bfc062723c751e8b465ee728b)  -> (artifact id: '10cc32220b1f3138a0e58402fc41afcd') in 0.010105 seconds 
========================================================================
Received Import Request.
  Time since last request: 8.867420 seconds.
  path: Assets/Prefabs/SawedShotgunTake 1.prefab
  artifactKey: Guid(1ec27ca760262ac40aa90310b2a4b833) Importer(815301076,1909f56bfc062723c751e8b465ee728b)
Start importing Assets/Prefabs/SawedShotgunTake 1.prefab using Guid(1ec27ca760262ac40aa90310b2a4b833) Importer(815301076,1909f56bfc062723c751e8b465ee728b)  -> (artifact id: '0b14f01a76f45c179ae95b05cec837a2') in 0.049451 seconds 
========================================================================
Received Import Request.
  Time since last request: 1.759367 seconds.
  path: Assets/Prefabs/SawedShotgunTake 1.prefab
  artifactKey: Guid(1ec27ca760262ac40aa90310b2a4b833) Importer(815301076,1909f56bfc062723c751e8b465ee728b)
Start importing Assets/Prefabs/SawedShotgunTake 1.prefab using Guid(1ec27ca760262ac40aa90310b2a4b833) Importer(815301076,1909f56bfc062723c751e8b465ee728b)  -> (artifact id: '224aa373b27b8e1261dcdb416c06f78c') in 0.024503 seconds 
========================================================================
Received Import Request.
  Time since last request: 70.231493 seconds.
  path: Assets/Prefabs/SawedShotgunTake.prefab
  artifactKey: Guid(657011c16e3182f4ba5c4b9f15125fe2) Importer(815301076,1909f56bfc062723c751e8b465ee728b)
Start importing Assets/Prefabs/SawedShotgunTake.prefab using Guid(657011c16e3182f4ba5c4b9f15125fe2) Importer(815301076,1909f56bfc062723c751e8b465ee728b)  -> (artifact id: 'de76f4514c762654f089194c45105c53') in 0.078114 seconds 
========================================================================
Received Import Request.
  Time since last request: 1.305811 seconds.
  path: Assets/Prefabs/SawedShotgunTake.prefab
  artifactKey: Guid(657011c16e3182f4ba5c4b9f15125fe2) Importer(815301076,1909f56bfc062723c751e8b465ee728b)
Start importing Assets/Prefabs/SawedShotgunTake.prefab using Guid(657011c16e3182f4ba5c4b9f15125fe2) Importer(815301076,1909f56bfc062723c751e8b465ee728b)  -> (artifact id: '785373911eee8e457ab0c97c22f766a4') in 0.009380 seconds 
========================================================================
Received Import Request.
  Time since last request: 12.532685 seconds.
  path: Assets/Prefabs/SniperRifleTake.prefab
  artifactKey: Guid(1ec27ca760262ac40aa90310b2a4b833) Importer(815301076,1909f56bfc062723c751e8b465ee728b)
Start importing Assets/Prefabs/SniperRifleTake.prefab using Guid(1ec27ca760262ac40aa90310b2a4b833) Importer(815301076,1909f56bfc062723c751e8b465ee728b)  -> (artifact id: '67b3d9d1698a523ea6c8bb9643bb5f44') in 0.014306 seconds 
========================================================================
Received Import Request.
  Time since last request: 17.428562 seconds.
  path: Assets/Prefabs/SawedShotgunTake 2.prefab
  artifactKey: Guid(69f7343c881c1b9468af714f8c277ad8) Importer(815301076,1909f56bfc062723c751e8b465ee728b)
Start importing Assets/Prefabs/SawedShotgunTake 2.prefab using Guid(69f7343c881c1b9468af714f8c277ad8) Importer(815301076,1909f56bfc062723c751e8b465ee728b)  -> (artifact id: '8ff33e7f30263693dbac82c4ae164d78') in 0.018172 seconds 
========================================================================
Received Import Request.
  Time since last request: 5.811398 seconds.
  path: Assets/Prefabs/SubmachineTake.prefab
  artifactKey: Guid(69f7343c881c1b9468af714f8c277ad8) Importer(815301076,1909f56bfc062723c751e8b465ee728b)
Start importing Assets/Prefabs/SubmachineTake.prefab using Guid(69f7343c881c1b9468af714f8c277ad8) Importer(815301076,1909f56bfc062723c751e8b465ee728b)  -> (artifact id: 'e0de74d9b1cf6ea56d9724bea6ed5af8') in 0.017204 seconds 
========================================================================
Received Import Request.
  Time since last request: 40.412926 seconds.
  path: Assets/Prefabs/Pig.prefab
  artifactKey: Guid(7d070c3f02b8fa3488f18507d8e8a39f) Importer(815301076,1909f56bfc062723c751e8b465ee728b)
Start importing Assets/Prefabs/Pig.prefab using Guid(7d070c3f02b8fa3488f18507d8e8a39f) Importer(815301076,1909f56bfc062723c751e8b465ee728b)  -> (artifact id: '95b56582685139003b922be886b46b27') in 0.025513 seconds 
========================================================================
Received Import Request.
  Time since last request: 0.537122 seconds.
  path: Assets/Prefabs/Pig.prefab
  artifactKey: Guid(7d070c3f02b8fa3488f18507d8e8a39f) Importer(815301076,1909f56bfc062723c751e8b465ee728b)
Start importing Assets/Prefabs/Pig.prefab using Guid(7d070c3f02b8fa3488f18507d8e8a39f) Importer(815301076,1909f56bfc062723c751e8b465ee728b)  -> (artifact id: '3093173fd25d217d7166a3f8fda811aa') in 0.036484 seconds 
========================================================================
Received Import Request.
  Time since last request: 1.251214 seconds.
  path: Assets/Prefabs/Pig.prefab
  artifactKey: Guid(7d070c3f02b8fa3488f18507d8e8a39f) Importer(815301076,1909f56bfc062723c751e8b465ee728b)
Start importing Assets/Prefabs/Pig.prefab using Guid(7d070c3f02b8fa3488f18507d8e8a39f) Importer(815301076,1909f56bfc062723c751e8b465ee728b)  -> (artifact id: '6051b8d37f5b0581c8665f1516bd0ef8') in 0.034696 seconds 
========================================================================
Received Prepare
Registering precompiled user dll's ...
Registered in 0.000670 seconds.
Begin MonoManager ReloadAssembly
Native extension for WindowsStandalone target not found
Refreshing native plugins compatible for Editor in 0.27 ms, found 0 plugins.
Preloading 0 native plugins for Editor in 0.00 ms.
Mono: successfully reloaded assembly
- Completed reload, in  0.762 seconds
Platform modules already initialized, skipping
Refreshing native plugins compatible for Editor in 0.28 ms, found 0 plugins.
Preloading 0 native plugins for Editor in 0.00 ms.
Unloading 1223 Unused Serialized files (Serialized files now loaded: 0)
System memory in use before: 145.9 MB.
System memory in use after: 146.0 MB.

Unloading 4 unused Assets to reduce memory usage. Loaded Objects now: 1864.
Total: 3.061800 ms (FindLiveObjects: 0.126600 ms CreateObjectMapping: 0.038700 ms MarkObjects: 2.880300 ms  DeleteObjects: 0.015200 ms)

========================================================================
Received Import Request.
  Time since last request: 1973.186796 seconds.
  path: Assets/Materials/EffectDoubleJump.mat
  artifactKey: Guid(b607a34470b1b9740b8ddd07b1dae7e9) Importer(815301076,1909f56bfc062723c751e8b465ee728b)
Start importing Assets/Materials/EffectDoubleJump.mat using Guid(b607a34470b1b9740b8ddd07b1dae7e9) Importer(815301076,1909f56bfc062723c751e8b465ee728b)  -> (artifact id: '345af53be0f875f85e58c3ee748c2861') in 0.069287 seconds 
========================================================================
Received Prepare
Registering precompiled user dll's ...
Registered in 0.000604 seconds.
Begin MonoManager ReloadAssembly
Native extension for WindowsStandalone target not found
Refreshing native plugins compatible for Editor in 0.28 ms, found 0 plugins.
Preloading 0 native plugins for Editor in 0.00 ms.
Mono: successfully reloaded assembly
- Completed reload, in  0.930 seconds
Platform modules already initialized, skipping
Refreshing native plugins compatible for Editor in 0.33 ms, found 0 plugins.
Preloading 0 native plugins for Editor in 0.00 ms.
Unloading 1223 Unused Serialized files (Serialized files now loaded: 0)
System memory in use before: 146.1 MB.
System memory in use after: 146.2 MB.

Unloading 4 unused Assets to reduce memory usage. Loaded Objects now: 1901.
Total: 3.717200 ms (FindLiveObjects: 0.167000 ms CreateObjectMapping: 0.046900 ms MarkObjects: 3.489100 ms  DeleteObjects: 0.012300 ms)

========================================================================
Received Prepare
Registering precompiled user dll's ...
Registered in 0.000786 seconds.
Begin MonoManager ReloadAssembly
Native extension for WindowsStandalone target not found
Refreshing native plugins compatible for Editor in 0.28 ms, found 0 plugins.
Preloading 0 native plugins for Editor in 0.00 ms.
Mono: successfully reloaded assembly
- Completed reload, in  0.726 seconds
Platform modules already initialized, skipping
Refreshing native plugins compatible for Editor in 0.37 ms, found 0 plugins.
Preloading 0 native plugins for Editor in 0.00 ms.
Unloading 1223 Unused Serialized files (Serialized files now loaded: 0)
System memory in use before: 146.1 MB.
System memory in use after: 146.2 MB.

Unloading 4 unused Assets to reduce memory usage. Loaded Objects now: 1904.
Total: 3.702000 ms (FindLiveObjects: 0.172800 ms CreateObjectMapping: 0.051200 ms MarkObjects: 3.462900 ms  DeleteObjects: 0.013300 ms)

========================================================================
Received Prepare
Registering precompiled user dll's ...
Registered in 0.000519 seconds.
Begin MonoManager ReloadAssembly
Native extension for WindowsStandalone target not found
Refreshing native plugins compatible for Editor in 0.33 ms, found 0 plugins.
Preloading 0 native plugins for Editor in 0.00 ms.
Mono: successfully reloaded assembly
- Completed reload, in  0.717 seconds
Platform modules already initialized, skipping
Refreshing native plugins compatible for Editor in 0.24 ms, found 0 plugins.
Preloading 0 native plugins for Editor in 0.00 ms.
Unloading 1223 Unused Serialized files (Serialized files now loaded: 0)
System memory in use before: 146.2 MB.
System memory in use after: 146.3 MB.

Unloading 4 unused Assets to reduce memory usage. Loaded Objects now: 1907.
Total: 3.002100 ms (FindLiveObjects: 0.118900 ms CreateObjectMapping: 0.036000 ms MarkObjects: 2.834900 ms  DeleteObjects: 0.011600 ms)

========================================================================
Received Prepare
Registering precompiled user dll's ...
Registered in 0.000547 seconds.
Begin MonoManager ReloadAssembly
Native extension for WindowsStandalone target not found
Refreshing native plugins compatible for Editor in 0.28 ms, found 0 plugins.
Preloading 0 native plugins for Editor in 0.00 ms.
Mono: successfully reloaded assembly
- Completed reload, in  0.688 seconds
Platform modules already initialized, skipping
Refreshing native plugins compatible for Editor in 0.27 ms, found 0 plugins.
Preloading 0 native plugins for Editor in 0.00 ms.
Unloading 1223 Unused Serialized files (Serialized files now loaded: 0)
System memory in use before: 146.2 MB.
System memory in use after: 146.3 MB.

Unloading 4 unused Assets to reduce memory usage. Loaded Objects now: 1910.
Total: 2.934900 ms (FindLiveObjects: 0.117500 ms CreateObjectMapping: 0.036900 ms MarkObjects: 2.768800 ms  DeleteObjects: 0.010800 ms)

========================================================================
Received Prepare
Registering precompiled user dll's ...
Registered in 0.000570 seconds.
Begin MonoManager ReloadAssembly
Native extension for WindowsStandalone target not found
Refreshing native plugins compatible for Editor in 0.33 ms, found 0 plugins.
Preloading 0 native plugins for Editor in 0.00 ms.
Mono: successfully reloaded assembly
- Completed reload, in  0.761 seconds
Platform modules already initialized, skipping
Refreshing native plugins compatible for Editor in 0.38 ms, found 0 plugins.
Preloading 0 native plugins for Editor in 0.00 ms.
Unloading 1223 Unused Serialized files (Serialized files now loaded: 0)
System memory in use before: 146.2 MB.
System memory in use after: 146.3 MB.

Unloading 4 unused Assets to reduce memory usage. Loaded Objects now: 1913.
Total: 2.888500 ms (FindLiveObjects: 0.142700 ms CreateObjectMapping: 0.038500 ms MarkObjects: 2.692800 ms  DeleteObjects: 0.013500 ms)

========================================================================
Received Prepare
Registering precompiled user dll's ...
Registered in 0.000627 seconds.
Begin MonoManager ReloadAssembly
Native extension for WindowsStandalone target not found
Refreshing native plugins compatible for Editor in 0.26 ms, found 0 plugins.
Preloading 0 native plugins for Editor in 0.00 ms.
Mono: successfully reloaded assembly
- Completed reload, in  0.693 seconds
Platform modules already initialized, skipping
Refreshing native plugins compatible for Editor in 0.29 ms, found 0 plugins.
Preloading 0 native plugins for Editor in 0.00 ms.
Unloading 1223 Unused Serialized files (Serialized files now loaded: 0)
System memory in use before: 146.2 MB.
System memory in use after: 146.3 MB.

Unloading 4 unused Assets to reduce memory usage. Loaded Objects now: 1916.
Total: 2.769600 ms (FindLiveObjects: 0.107100 ms CreateObjectMapping: 0.030000 ms MarkObjects: 2.621400 ms  DeleteObjects: 0.010200 ms)

AssetImportWorkerClient::OnTransportError - code=2 error=End of file
