Using pre-set license
Built from '2021.1/release' branch; Version is '2021.1.4f1 (4cd64a618c1b) revision 5035594'; Using compiler version '192528614'; Build Type 'Release'
OS: 'Windows 10 Home Single Language; OS build 19042.928; Version 2009; 64bit' Language: 'ru' Physical Memory: 6035 MB
BatchMode: 1, IsHumanControllingUs: 0, StartBugReporterOnCrash: 0, Is64bit: 1, IsPro: 0

 COMMAND LINE ARGUMENTS:
C:\Programs\UnityEditors\2021.1.4f1\Editor\Unity.exe
-adb2
-batchMode
-noUpm
-name
AssetImportWorker3
-projectPath
A:/Windows/Рабочий стол/o.o/GitHub/Week-6
-logFile
Logs/AssetImportWorker3.log
-srvPort
57755
Successfully changed project path to: A:/Windows/Рабочий стол/o.o/GitHub/Week-6
A:/Windows/Рабочий стол/o.o/GitHub/Week-6
Using Asset Import Pipeline V2.
Refreshing native plugins compatible for Editor in 184.52 ms, found 0 plugins.
Preloading 0 native plugins for Editor in 0.00 ms.
Initialize engine version: 2021.1.4f1 (4cd64a618c1b)
[Subsystems] Discovering subsystems at path C:/Programs/UnityEditors/2021.1.4f1/Editor/Data/Resources/UnitySubsystems
[Subsystems] Discovering subsystems at path A:/Windows/Рабочий стол/o.o/GitHub/Week-6/Assets
GfxDevice: creating device client; threaded=0; jobified=0
Direct3D:
    Version:  Direct3D 11.0 [level 11.0]
    Renderer: NVIDIA GeForce 840M (ID=0x1341)
    Vendor:   NVIDIA
    VRAM:     2020 MB
    Driver:   22.21.13.8205
Initialize mono
Mono path[0] = 'C:/Programs/UnityEditors/2021.1.4f1/Editor/Data/Managed'
Mono path[1] = 'C:/Programs/UnityEditors/2021.1.4f1/Editor/Data/MonoBleedingEdge/lib/mono/unityjit'
Mono config path = 'C:/Programs/UnityEditors/2021.1.4f1/Editor/Data/MonoBleedingEdge/etc'
Using monoOptions --debugger-agent=transport=dt_socket,embedding=1,server=y,suspend=n,address=127.0.0.1:56308
Begin MonoManager ReloadAssembly
Registering precompiled unity dll's ...
Register platform support module: C:/Programs/UnityEditors/2021.1.4f1/Editor/Data/PlaybackEngines/WindowsStandaloneSupport/UnityEditor.WindowsStandalone.Extensions.dll
Registered in 0.024316 seconds.
Native extension for WindowsStandalone target not found
Refreshing native plugins compatible for Editor in 332.68 ms, found 0 plugins.
Preloading 0 native plugins for Editor in 0.00 ms.
Mono: successfully reloaded assembly
- Completed reload, in  9.612 seconds
Platform modules already initialized, skipping
Registering precompiled user dll's ...
Registered in 0.003359 seconds.
Begin MonoManager ReloadAssembly
Native extension for WindowsStandalone target not found
Refreshing native plugins compatible for Editor in 0.43 ms, found 0 plugins.
Preloading 0 native plugins for Editor in 0.00 ms.
Mono: successfully reloaded assembly
- Completed reload, in  2.822 seconds
Platform modules already initialized, skipping
========================================================================
Worker process is ready to serve import requests
Launched and connected shader compiler UnityShaderCompiler.exe after 0.27 seconds
Refreshing native plugins compatible for Editor in 2.64 ms, found 0 plugins.
Preloading 0 native plugins for Editor in 0.00 ms.
Unloading 1231 Unused Serialized files (Serialized files now loaded: 0)
System memory in use before: 137.2 MB.
System memory in use after: 137.3 MB.

Unloading 9 unused Assets to reduce memory usage. Loaded Objects now: 1695.
Total: 8.737400 ms (FindLiveObjects: 0.609200 ms CreateObjectMapping: 0.822300 ms MarkObjects: 6.797200 ms  DeleteObjects: 0.504700 ms)

========================================================================
Received Import Request.
  path: Assets/Futura.ttf
  artifactKey: Guid(0fb7e582802c9764ab41c60992c90d2c) Importer(815301076,1909f56bfc062723c751e8b465ee728b)
Start importing Assets/Futura.ttf using Guid(0fb7e582802c9764ab41c60992c90d2c) Importer(815301076,1909f56bfc062723c751e8b465ee728b)  -> (artifact id: 'e0bcf95513acbc2b9a8318ebf43a0c7f') in 0.606443 seconds 
========================================================================
Received Import Request.
  Time since last request: 0.002165 seconds.
  path: Assets/Scripts/Scene1
  artifactKey: Guid(0d721fc326240b041b7abcdd447b313e) Importer(815301076,1909f56bfc062723c751e8b465ee728b)
Start importing Assets/Scripts/Scene1 using Guid(0d721fc326240b041b7abcdd447b313e) Importer(815301076,1909f56bfc062723c751e8b465ee728b)  -> (artifact id: 'e928876e2c33cf594b714e06ec77b46b') in 0.029740 seconds 
========================================================================
Received Import Request.
  Time since last request: 0.000687 seconds.
  path: Assets/GeneralSound.mixer
  artifactKey: Guid(7c5bedda44fbf304eb454ea01230bffd) Importer(815301076,1909f56bfc062723c751e8b465ee728b)
Start importing Assets/GeneralSound.mixer using Guid(7c5bedda44fbf304eb454ea01230bffd) Importer(815301076,1909f56bfc062723c751e8b465ee728b)  -> (artifact id: '57784f279d36d2063ea8efd5f82435e9') in 0.098855 seconds 
========================================================================
Received Import Request.
  Time since last request: 0.000372 seconds.
  path: Assets/Scenes
  artifactKey: Guid(be16ca1261b2e2d4fa3a3e36eb4d0554) Importer(815301076,1909f56bfc062723c751e8b465ee728b)
Start importing Assets/Scenes using Guid(be16ca1261b2e2d4fa3a3e36eb4d0554) Importer(815301076,1909f56bfc062723c751e8b465ee728b)  -> (artifact id: 'f0ffe9f969b4912bfbe5a034f2a90c47') in 0.051601 seconds 
========================================================================
Received Import Request.
  Time since last request: 0.000696 seconds.
  path: Assets/Scenes/SampleScene.unity
  artifactKey: Guid(9fc0d4010bbf28b4594072e72b8655ab) Importer(815301076,1909f56bfc062723c751e8b465ee728b)
Start importing Assets/Scenes/SampleScene.unity using Guid(9fc0d4010bbf28b4594072e72b8655ab) Importer(815301076,1909f56bfc062723c751e8b465ee728b)  -> (artifact id: '5563e943e0b76c8edadc21e083938450') in 0.047791 seconds 
========================================================================
Received Prepare
Registering precompiled user dll's ...
Registered in 0.000923 seconds.
Begin MonoManager ReloadAssembly
Native extension for WindowsStandalone target not found
Refreshing native plugins compatible for Editor in 0.40 ms, found 0 plugins.
Preloading 0 native plugins for Editor in 0.00 ms.
Mono: successfully reloaded assembly
- Completed reload, in  1.798 seconds
Platform modules already initialized, skipping
Refreshing native plugins compatible for Editor in 1.11 ms, found 0 plugins.
Preloading 0 native plugins for Editor in 0.00 ms.
Unloading 1222 Unused Serialized files (Serialized files now loaded: 0)
System memory in use before: 141.2 MB.
System memory in use after: 141.4 MB.

Unloading 4 unused Assets to reduce memory usage. Loaded Objects now: 1757.
Total: 67.423600 ms (FindLiveObjects: 15.062500 ms CreateObjectMapping: 0.441200 ms MarkObjects: 51.836900 ms  DeleteObjects: 0.076400 ms)

========================================================================
Received Prepare
Registering precompiled user dll's ...
Registered in 0.019749 seconds.
Begin MonoManager ReloadAssembly
Native extension for WindowsStandalone target not found
Refreshing native plugins compatible for Editor in 0.60 ms, found 0 plugins.
Preloading 0 native plugins for Editor in 0.00 ms.
Mono: successfully reloaded assembly
- Completed reload, in  9.314 seconds
Platform modules already initialized, skipping
Refreshing native plugins compatible for Editor in 0.74 ms, found 0 plugins.
Preloading 0 native plugins for Editor in 0.00 ms.
Unloading 1221 Unused Serialized files (Serialized files now loaded: 0)
System memory in use before: 141.2 MB.
System memory in use after: 141.3 MB.

Unloading 4 unused Assets to reduce memory usage. Loaded Objects now: 1760.
Total: 24.057700 ms (FindLiveObjects: 0.522400 ms CreateObjectMapping: 0.766900 ms MarkObjects: 22.698500 ms  DeleteObjects: 0.065800 ms)

========================================================================
Received Import Request.
  Time since last request: 518.360374 seconds.
  path: Assets/ParticlesLesson
  artifactKey: Guid(d62718642b99fd645b8c54a895a59996) Importer(815301076,1909f56bfc062723c751e8b465ee728b)
Start importing Assets/ParticlesLesson using Guid(d62718642b99fd645b8c54a895a59996) Importer(815301076,1909f56bfc062723c751e8b465ee728b)  -> (artifact id: '41a7318074f966374ab910007124754f') in 0.065098 seconds 
========================================================================
Received Import Request.
  Time since last request: 0.448346 seconds.
  path: Assets/Prefabs/Acorn.prefab
  artifactKey: Guid(5ab0ab2b791c644479e76edaae402fbb) Importer(815301076,1909f56bfc062723c751e8b465ee728b)
Start importing Assets/Prefabs/Acorn.prefab using Guid(5ab0ab2b791c644479e76edaae402fbb) Importer(815301076,1909f56bfc062723c751e8b465ee728b)  -> (artifact id: '27f2d1595761fc24e80a8602ac02e904') in 2.306760 seconds 
========================================================================
Received Import Request.
  Time since last request: 0.000668 seconds.
  path: Assets/Prefabs/Chiken.prefab
  artifactKey: Guid(04636287717f8094c93e27d64a64f01a) Importer(815301076,1909f56bfc062723c751e8b465ee728b)
Start importing Assets/Prefabs/Chiken.prefab using Guid(04636287717f8094c93e27d64a64f01a) Importer(815301076,1909f56bfc062723c751e8b465ee728b)  -> (artifact id: '0e59e2a302370ea43e426b8aba466b8e') in 0.382286 seconds 
========================================================================
Received Import Request.
  Time since last request: 0.000795 seconds.
  path: Assets/Prefabs/Squirrel.prefab
  artifactKey: Guid(22f9ef5f57674f344910d0314695297c) Importer(815301076,1909f56bfc062723c751e8b465ee728b)
Start importing Assets/Prefabs/Squirrel.prefab using Guid(22f9ef5f57674f344910d0314695297c) Importer(815301076,1909f56bfc062723c751e8b465ee728b)  -> (artifact id: 'f90ab766acda2274a51cff2c733284ef') in 0.300824 seconds 
========================================================================
Received Import Request.
  Time since last request: 0.000590 seconds.
  path: Assets/Prefabs
  artifactKey: Guid(3507d672efacf304bab12340bfe99cdd) Importer(815301076,1909f56bfc062723c751e8b465ee728b)
Start importing Assets/Prefabs using Guid(3507d672efacf304bab12340bfe99cdd) Importer(815301076,1909f56bfc062723c751e8b465ee728b)  -> (artifact id: '2cc01ac42c635d0e8e90d02434d9a980') in 0.049500 seconds 
========================================================================
Received Import Request.
  Time since last request: 0.000915 seconds.
  path: Assets/Prefabs/Tree.prefab
  artifactKey: Guid(3b509774646d3bd42a0110c884d0ea70) Importer(815301076,1909f56bfc062723c751e8b465ee728b)
Start importing Assets/Prefabs/Tree.prefab using Guid(3b509774646d3bd42a0110c884d0ea70) Importer(815301076,1909f56bfc062723c751e8b465ee728b)  -> (artifact id: '2ca8109e58655eecbdfcc27d8b2cf406') in 10.457112 seconds 
========================================================================
Received Import Request.
  Time since last request: 0.000431 seconds.
  path: Assets/Prefabs/Bear.prefab
  artifactKey: Guid(97a8f026faeed2b48ab11e0208952475) Importer(815301076,1909f56bfc062723c751e8b465ee728b)
Start importing Assets/Prefabs/Bear.prefab using Guid(97a8f026faeed2b48ab11e0208952475) Importer(815301076,1909f56bfc062723c751e8b465ee728b)  -> (artifact id: 'beb4c2916dc8bfa6dd2ae3786bf9590e') in 0.380403 seconds 
========================================================================
Received Import Request.
  Time since last request: 0.000542 seconds.
  path: Assets/Prefabs/SubmachineTake.prefab
  artifactKey: Guid(69f7343c881c1b9468af714f8c277ad8) Importer(815301076,1909f56bfc062723c751e8b465ee728b)
Start importing Assets/Prefabs/SubmachineTake.prefab using Guid(69f7343c881c1b9468af714f8c277ad8) Importer(815301076,1909f56bfc062723c751e8b465ee728b)  -> (artifact id: '64d7e844f4376031f7d0ce82a511a1d6') in 1.367042 seconds 
========================================================================
Received Import Request.
  Time since last request: 0.001086 seconds.
  path: Assets/Prefabs/Woolf_.prefab
  artifactKey: Guid(a07e87668db178b4c8906fe3a87d752a) Importer(815301076,1909f56bfc062723c751e8b465ee728b)
Start importing Assets/Prefabs/Woolf_.prefab using Guid(a07e87668db178b4c8906fe3a87d752a) Importer(815301076,1909f56bfc062723c751e8b465ee728b)  -> (artifact id: '8ff571543e67f7216d31c9a748ca30ef') in 0.396837 seconds 
========================================================================
Received Import Request.
  Time since last request: 0.002097 seconds.
  path: Assets/Prefabs/BearRockets.prefab
  artifactKey: Guid(27bc4ee04dfcc0546ac1f8ee863cbd62) Importer(815301076,1909f56bfc062723c751e8b465ee728b)
Start importing Assets/Prefabs/BearRockets.prefab using Guid(27bc4ee04dfcc0546ac1f8ee863cbd62) Importer(815301076,1909f56bfc062723c751e8b465ee728b)  -> (artifact id: '1faf56d728860f4dd5b23eba08141e87') in 0.373940 seconds 
========================================================================
Received Import Request.
  Time since last request: 0.001198 seconds.
  path: Assets/Prefabs/SniperRifleTake.prefab
  artifactKey: Guid(1ec27ca760262ac40aa90310b2a4b833) Importer(815301076,1909f56bfc062723c751e8b465ee728b)
Start importing Assets/Prefabs/SniperRifleTake.prefab using Guid(1ec27ca760262ac40aa90310b2a4b833) Importer(815301076,1909f56bfc062723c751e8b465ee728b)  -> (artifact id: 'bce9fd95324e7eeb9d676a49dc3fb270') in 0.253764 seconds 
========================================================================
Received Import Request.
  Time since last request: 0.000732 seconds.
  path: Assets/Prefabs/RifleTake.prefab
  artifactKey: Guid(18be68d642e1b4d4d88be65187921b48) Importer(815301076,1909f56bfc062723c751e8b465ee728b)
Start importing Assets/Prefabs/RifleTake.prefab using Guid(18be68d642e1b4d4d88be65187921b48) Importer(815301076,1909f56bfc062723c751e8b465ee728b)  -> (artifact id: 'c109cda767c49eae4d03cc07cbef3eeb') in 0.669720 seconds 
========================================================================
Received Import Request.
  Time since last request: 0.155660 seconds.
  path: Assets/Prefabs/Carrot.prefab
  artifactKey: Guid(042374b3247f1bb4f85a1620e5e23c08) Importer(815301076,1909f56bfc062723c751e8b465ee728b)
Start importing Assets/Prefabs/Carrot.prefab using Guid(042374b3247f1bb4f85a1620e5e23c08) Importer(815301076,1909f56bfc062723c751e8b465ee728b)  -> (artifact id: '117eab608713a3358af7ecbf5893edd1') in 0.631837 seconds 
========================================================================
Received Import Request.
  Time since last request: 0.000443 seconds.
  path: Assets/Prefabs/Bullet.prefab
  artifactKey: Guid(d1ea88b28d9a470449531a7d27a0df5b) Importer(815301076,1909f56bfc062723c751e8b465ee728b)
Start importing Assets/Prefabs/Bullet.prefab using Guid(d1ea88b28d9a470449531a7d27a0df5b) Importer(815301076,1909f56bfc062723c751e8b465ee728b)  -> (artifact id: '9fdc8e6cf7a9ff9a41cf5be7e456e259') in 0.142015 seconds 
========================================================================
Received Import Request.
  Time since last request: 0.000478 seconds.
  path: Assets/Prefabs/HealsPack.prefab
  artifactKey: Guid(a7a96fef5b9e9da4ca6a7440c1fa8a1d) Importer(815301076,1909f56bfc062723c751e8b465ee728b)
Start importing Assets/Prefabs/HealsPack.prefab using Guid(a7a96fef5b9e9da4ca6a7440c1fa8a1d) Importer(815301076,1909f56bfc062723c751e8b465ee728b)  -> (artifact id: 'aa6834df382d404ab95eba57bc0b6c8e') in 0.104091 seconds 
========================================================================
Received Import Request.
  Time since last request: 0.000479 seconds.
  path: Assets/Prefabs/Pig.prefab
  artifactKey: Guid(7d070c3f02b8fa3488f18507d8e8a39f) Importer(815301076,1909f56bfc062723c751e8b465ee728b)
Start importing Assets/Prefabs/Pig.prefab using Guid(7d070c3f02b8fa3488f18507d8e8a39f) Importer(815301076,1909f56bfc062723c751e8b465ee728b)  -> (artifact id: 'bbee98571680b3629602851b9fef5c51') in 0.444999 seconds 
========================================================================
Received Import Request.
  Time since last request: 0.000408 seconds.
  path: Assets/Prefabs/Rabbit.prefab
  artifactKey: Guid(7c5a5fa187249e94a869ec9dab600cc0) Importer(815301076,1909f56bfc062723c751e8b465ee728b)
Start importing Assets/Prefabs/Rabbit.prefab using Guid(7c5a5fa187249e94a869ec9dab600cc0) Importer(815301076,1909f56bfc062723c751e8b465ee728b)  -> (artifact id: '2ce52b047be1adb094949f21d2440155') in 0.271384 seconds 
========================================================================
Received Import Request.
  Time since last request: 0.000372 seconds.
  path: Assets/Prefabs/SawedShotgunTake.prefab
  artifactKey: Guid(657011c16e3182f4ba5c4b9f15125fe2) Importer(815301076,1909f56bfc062723c751e8b465ee728b)
Start importing Assets/Prefabs/SawedShotgunTake.prefab using Guid(657011c16e3182f4ba5c4b9f15125fe2) Importer(815301076,1909f56bfc062723c751e8b465ee728b)  -> (artifact id: 'b4d2430aea6701b117044be8ce0d0a32') in 0.185128 seconds 
========================================================================
Received Prepare
Registering precompiled user dll's ...
Registered in 0.004645 seconds.
Begin MonoManager ReloadAssembly
Native extension for WindowsStandalone target not found
Refreshing native plugins compatible for Editor in 0.40 ms, found 0 plugins.
Preloading 0 native plugins for Editor in 0.00 ms.
Mono: successfully reloaded assembly
- Completed reload, in  2.449 seconds
Platform modules already initialized, skipping
Refreshing native plugins compatible for Editor in 1.01 ms, found 0 plugins.
Preloading 0 native plugins for Editor in 0.00 ms.
Unloading 1221 Unused Serialized files (Serialized files now loaded: 0)
System memory in use before: 141.6 MB.
System memory in use after: 141.7 MB.

Unloading 4 unused Assets to reduce memory usage. Loaded Objects now: 1766.
Total: 69.730400 ms (FindLiveObjects: 0.440400 ms CreateObjectMapping: 0.176800 ms MarkObjects: 69.039700 ms  DeleteObjects: 0.067900 ms)

========================================================================
Received Import Request.
  Time since last request: 124.586461 seconds.
  path: Assets/Prefabs/SubmachineTake.prefab
  artifactKey: Guid(69f7343c881c1b9468af714f8c277ad8) Importer(815301076,1909f56bfc062723c751e8b465ee728b)
Start importing Assets/Prefabs/SubmachineTake.prefab using Guid(69f7343c881c1b9468af714f8c277ad8) Importer(815301076,1909f56bfc062723c751e8b465ee728b)  -> (artifact id: '84d63d5ebd862ef3104cd0994df56165') in 1.970618 seconds 
========================================================================
Received Import Request.
  Time since last request: 0.001781 seconds.
  path: Assets/Prefabs/SniperRifleTake.prefab
  artifactKey: Guid(1ec27ca760262ac40aa90310b2a4b833) Importer(815301076,1909f56bfc062723c751e8b465ee728b)
Start importing Assets/Prefabs/SniperRifleTake.prefab using Guid(1ec27ca760262ac40aa90310b2a4b833) Importer(815301076,1909f56bfc062723c751e8b465ee728b)  -> (artifact id: '93d20a9baef91f0cee5b9050b9ab04f0') in 0.050105 seconds 
========================================================================
Received Import Request.
  Time since last request: 0.000563 seconds.
  path: Assets/Prefabs/RifleTake.prefab
  artifactKey: Guid(18be68d642e1b4d4d88be65187921b48) Importer(815301076,1909f56bfc062723c751e8b465ee728b)
Start importing Assets/Prefabs/RifleTake.prefab using Guid(18be68d642e1b4d4d88be65187921b48) Importer(815301076,1909f56bfc062723c751e8b465ee728b)  -> (artifact id: '86484778a6394e310d343dacfd218e27') in 0.076038 seconds 
========================================================================
Received Import Request.
  Time since last request: 0.000543 seconds.
  path: Assets/Prefabs/SawedShotgunTake.prefab
  artifactKey: Guid(657011c16e3182f4ba5c4b9f15125fe2) Importer(815301076,1909f56bfc062723c751e8b465ee728b)
Start importing Assets/Prefabs/SawedShotgunTake.prefab using Guid(657011c16e3182f4ba5c4b9f15125fe2) Importer(815301076,1909f56bfc062723c751e8b465ee728b)  -> (artifact id: '925c99cb70c964aac47c5c6cc64d7951') in 0.101270 seconds 
========================================================================
Received Prepare
Registering precompiled user dll's ...
Registered in 0.001979 seconds.
Begin MonoManager ReloadAssembly
Native extension for WindowsStandalone target not found
Refreshing native plugins compatible for Editor in 0.46 ms, found 0 plugins.
Preloading 0 native plugins for Editor in 0.00 ms.
Mono: successfully reloaded assembly
- Completed reload, in  3.425 seconds
Platform modules already initialized, skipping
Refreshing native plugins compatible for Editor in 0.49 ms, found 0 plugins.
Preloading 0 native plugins for Editor in 0.00 ms.
Unloading 1221 Unused Serialized files (Serialized files now loaded: 0)
System memory in use before: 141.6 MB.
System memory in use after: 141.7 MB.

Unloading 4 unused Assets to reduce memory usage. Loaded Objects now: 1770.
Total: 11.374100 ms (FindLiveObjects: 0.364700 ms CreateObjectMapping: 0.174000 ms MarkObjects: 10.803600 ms  DeleteObjects: 0.029000 ms)

AssetImportWorkerClient::OnTransportError - code=2 error=End of file
